2024-08-21 14:57:32,370 - INFO - Initializing Chrome driver
2024-08-21 14:58:14,981 - INFO - QR code scanned
2024-08-21 14:58:14,984 - INFO - Reading contact: Customer,  919048057376
2024-08-21 14:58:14,984 - INFO - Validating number:  919048057376
2024-08-21 14:58:14,985 - WARNING - Number format not recognized:  919048057376
2024-08-21 14:58:14,985 - ERROR - Invalid number for contact Customer:  919048057376
2024-08-21 14:58:14,985 - INFO - Reading contact: Customer,  919895296142
2024-08-21 14:58:14,985 - INFO - Validating number:  919895296142
2024-08-21 14:58:14,985 - WARNING - Number format not recognized:  919895296142
2024-08-21 14:58:14,985 - ERROR - Invalid number for contact Customer:  919895296142
2024-08-21 14:58:14,986 - INFO - Total time taken: 0.00 seconds
2024-08-21 14:58:14,986 - INFO - Successful sends: 0
2024-08-21 14:58:14,986 - INFO - Failed sends: 2
2024-08-21 15:03:36,283 - INFO - Initializing Chrome driver
2024-08-21 15:04:20,332 - INFO - QR code scanned
2024-08-21 15:04:20,333 - INFO - Reading contact: Customer,  919048057376
2024-08-21 15:04:20,333 - INFO - Validating number:  919048057376
2024-08-21 15:04:20,333 - INFO - Cleaned number: 9048057376
2024-08-21 15:04:20,334 - INFO - Number is a valid Indian number without prefix
2024-08-21 15:04:20,334 - INFO - Formatted number: 919048057376
2024-08-21 15:04:38,282 - INFO - Opened chat for contact: Customer
2024-08-21 15:04:38,869 - INFO - Attachment box clicked
2024-08-21 15:04:39,470 - INFO - Document option clicked
2024-08-21 15:04:41,491 - ERROR - Failed to send document to contact Customer (919048057376): Message: no such element: Unable to locate element: {"method":"xpath","selector":"//input[@accept="*/*"]"}
  (Session info: chrome=127.0.6533.120); For documentation on this error, please visit: https://www.selenium.dev/documentation/webdriver/troubleshooting/errors#no-such-element-exception
Stacktrace:
	GetHandleVerifier [0x00007FF7C6739642+30946]
	(No symbol) [0x00007FF7C66EE3D9]
	(No symbol) [0x00007FF7C65E6FDA]
	(No symbol) [0x00007FF7C663822C]
	(No symbol) [0x00007FF7C663850C]
	(No symbol) [0x00007FF7C667DCB7]
	(No symbol) [0x00007FF7C665CAAF]
	(No symbol) [0x00007FF7C667B041]
	(No symbol) [0x00007FF7C665C813]
	(No symbol) [0x00007FF7C662A6E5]
	(No symbol) [0x00007FF7C662B021]
	GetHandleVerifier [0x00007FF7C686F84D+1301229]
	GetHandleVerifier [0x00007FF7C687BDC7+1351783]
	GetHandleVerifier [0x00007FF7C6872A13+1313971]
	GetHandleVerifier [0x00007FF7C676DD16+245686]
	(No symbol) [0x00007FF7C66F759F]
	(No symbol) [0x00007FF7C66F3814]
	(No symbol) [0x00007FF7C66F39A2]
	(No symbol) [0x00007FF7C66EA3FF]
	BaseThreadInitThunk [0x00007FFEB61B257D+29]
	RtlUserThreadStart [0x00007FFEB770AF28+40]

2024-08-21 15:04:41,492 - INFO - Reading contact: Customer,  919895296142
2024-08-21 15:04:41,492 - INFO - Validating number:  919895296142
2024-08-21 15:04:41,492 - INFO - Cleaned number: 9895296142
2024-08-21 15:04:41,492 - INFO - Number is a valid Indian number without prefix
2024-08-21 15:04:41,492 - INFO - Formatted number: 919895296142
2024-08-21 15:04:47,915 - INFO - Opened chat for contact: Customer
2024-08-21 15:04:53,120 - INFO - Attachment box clicked
2024-08-21 15:04:53,697 - INFO - Document option clicked
2024-08-21 15:04:55,717 - ERROR - Failed to send document to contact Customer (919895296142): Message: no such element: Unable to locate element: {"method":"xpath","selector":"//input[@accept="*/*"]"}
  (Session info: chrome=127.0.6533.120); For documentation on this error, please visit: https://www.selenium.dev/documentation/webdriver/troubleshooting/errors#no-such-element-exception
Stacktrace:
	GetHandleVerifier [0x00007FF7C6739642+30946]
	(No symbol) [0x00007FF7C66EE3D9]
	(No symbol) [0x00007FF7C65E6FDA]
	(No symbol) [0x00007FF7C663822C]
	(No symbol) [0x00007FF7C663850C]
	(No symbol) [0x00007FF7C667DCB7]
	(No symbol) [0x00007FF7C665CAAF]
	(No symbol) [0x00007FF7C667B041]
	(No symbol) [0x00007FF7C665C813]
	(No symbol) [0x00007FF7C662A6E5]
	(No symbol) [0x00007FF7C662B021]
	GetHandleVerifier [0x00007FF7C686F84D+1301229]
	GetHandleVerifier [0x00007FF7C687BDC7+1351783]
	GetHandleVerifier [0x00007FF7C6872A13+1313971]
	GetHandleVerifier [0x00007FF7C676DD16+245686]
	(No symbol) [0x00007FF7C66F759F]
	(No symbol) [0x00007FF7C66F3814]
	(No symbol) [0x00007FF7C66F39A2]
	(No symbol) [0x00007FF7C66EA3FF]
	BaseThreadInitThunk [0x00007FFEB61B257D+29]
	RtlUserThreadStart [0x00007FFEB770AF28+40]

2024-08-21 15:04:55,718 - INFO - Total time taken: 35.39 seconds
2024-08-21 15:04:55,718 - INFO - Successful sends: 0
2024-08-21 15:04:55,718 - INFO - Failed sends: 2
2024-08-21 15:13:31,357 - INFO - Initializing Chrome driver
2024-08-21 15:15:34,962 - INFO - QR code scanned
2024-08-21 15:15:34,963 - INFO - Reading contact: Customer,  919048057376
2024-08-21 15:15:34,963 - INFO - Validating number:  919048057376
2024-08-21 15:15:34,963 - INFO - Cleaned number: 9048057376
2024-08-21 15:15:34,963 - INFO - Number is a valid Indian number without prefix
2024-08-21 15:15:44,407 - INFO - Opened chat for contact: Customer
2024-08-21 15:15:45,088 - INFO - Attachment box clicked
2024-08-21 15:15:45,703 - INFO - Document option clicked
2024-08-21 15:15:47,815 - INFO - PDF file selected through file input
2024-08-21 15:16:02,974 - INFO - Message sent to contact: Customer
2024-08-21 15:16:02,988 - INFO - Message sent and confirmed for contact: Customer
2024-08-21 15:16:14,989 - INFO - Random delay of 12 seconds before moving to next contact.
2024-08-21 15:16:14,989 - INFO - Time taken for sending to contact Customer: 40.03 seconds
2024-08-21 15:16:14,989 - INFO - Reading contact: Customer,  919895296142
2024-08-21 15:16:14,989 - INFO - Validating number:  919895296142
2024-08-21 15:16:14,989 - INFO - Cleaned number: 9895296142
2024-08-21 15:16:14,989 - INFO - Number is a valid Indian number without prefix
2024-08-21 15:16:21,504 - INFO - Opened chat for contact: Customer
2024-08-21 15:16:22,099 - INFO - Attachment box clicked
2024-08-21 15:16:22,251 - INFO - Document option clicked
2024-08-21 15:16:27,889 - INFO - PDF file selected through file input
2024-08-21 15:16:43,032 - INFO - Message sent to contact: Customer
2024-08-21 15:16:43,048 - INFO - Message sent and confirmed for contact: Customer
2024-08-21 15:16:57,049 - INFO - Random delay of 14 seconds before moving to next contact.
2024-08-21 15:16:57,049 - INFO - Time taken for sending to contact Customer: 42.06 seconds
2024-08-21 15:16:57,050 - INFO - Total time taken for sending messages: 82.09 seconds
2024-08-21 15:16:57,050 - INFO - Total successful sends: 2
2024-08-21 15:16:57,050 - INFO - Total failed sends: 0
2024-08-21 15:16:57,050 - INFO - Closing the browser
