[40696:42940:0908/042056.411:WARNING:chrome_main_delegate.cc(742)] This is Chrome version 128.0.6613.119 (not a warning)
[40696:37752:0908/042056.462:ERROR:sandbox_win.cc(852)] Sandbox cannot access executable. Check filesystem permissions are valid. See https://bit.ly/31yqMJR.: Access is denied. (0x5)
[6168:25276:0908/042056.533:INFO:cpu_info.cc(53)] Available number of cores: 16
[12648:36248:0908/042056.536:INFO:cpu_info.cc(53)] Available number of cores: 16
[40696:42940:0908/042056.554:ERROR:network_service_instance_impl.cc(608)] Network service crashed, restarting service.
[42524:42076:0908/042056.727:INFO:cpu_info.cc(53)] Available number of cores: 16
[11884:28580:0908/042056.884:INFO:cpu_info.cc(53)] Available number of cores: 16
[40696:42940:0908/042057.189:INFO:CONSOLE(150)] "Event handler of 'x-storagemutated-1' event must be added on the initial evaluation of worker script.", source: https://static.whatsapp.net/rsrc.php/v3/yL/r/Z0TPhS0RCj5.js?_nc_x=Ij3Wp8lg5Kz (150)
[31992:36992:0908/042057.233:INFO:cpu_info.cc(53)] Available number of cores: 16
[40696:42940:0908/042059.119:INFO:CONSOLE(342)] "WAWebLoggerWorker initialized", source: https://static.whatsapp.net/rsrc.php/v3/yw/r/4Nb4oyv3XvH.js?_nc_x=Ij3Wp8lg5Kz (342)
[40696:42940:0908/042059.119:INFO:CONSOLE(342)] "[storage] start setSchemaVersions from fts worker interface", source: https://static.whatsapp.net/rsrc.php/v3/yw/r/4Nb4oyv3XvH.js?_nc_x=Ij3Wp8lg5Kz (342)
[40696:42940:0908/042059.119:INFO:CONSOLE(342)] "[storage] set schema versions: [model-storage,158,fts-storage,8,jobs-storage,1,lru-media-storage-idb,2,offd-storage,4,qpl-storage,0,signal-storage,6,worker-storage,1,sw,2,wawc,14,wawc_db_enc,2]. is worker? true", source: https://static.whatsapp.net/rsrc.php/v3/yw/r/4Nb4oyv3XvH.js?_nc_x=Ij3Wp8lg5Kz (342)
[40792:29260:0908/042059.283:INFO:cpu_info.cc(53)] Available number of cores: 16
[40696:42940:0908/042059.827:INFO:CONSOLE(150)] "Event handler of 'x-storagemutated-1' event must be added on the initial evaluation of worker script.", source: https://static.whatsapp.net/rsrc.php/v3/yL/r/Z0TPhS0RCj5.js?_nc_x=Ij3Wp8lg5Kz (150)
[40696:42940:0908/042101.672:INFO:CONSOLE(342)] "FTS:Delegate: start indexer", source: https://static.whatsapp.net/rsrc.php/v3/yw/r/4Nb4oyv3XvH.js?_nc_x=Ij3Wp8lg5Kz (342)
[40696:42940:0908/042101.672:INFO:CONSOLE(342)] "FTS:Delegate: start perform init", source: https://static.whatsapp.net/rsrc.php/v3/yw/r/4Nb4oyv3XvH.js?_nc_x=Ij3Wp8lg5Kz (342)
[40696:42940:0908/042101.672:INFO:CONSOLE(342)] "FTS:Delegate: schema versions ready", source: https://static.whatsapp.net/rsrc.php/v3/yw/r/4Nb4oyv3XvH.js?_nc_x=Ij3Wp8lg5Kz (342)
[40696:42940:0908/042101.672:INFO:CONSOLE(342)] "FTS:Delegate: before db initialization", source: https://static.whatsapp.net/rsrc.php/v3/yw/r/4Nb4oyv3XvH.js?_nc_x=Ij3Wp8lg5Kz (342)
[40696:42940:0908/042102.534:INFO:CONSOLE(342)] "FTS:Delegate: after db initialization", source: https://static.whatsapp.net/rsrc.php/v3/yw/r/4Nb4oyv3XvH.js?_nc_x=Ij3Wp8lg5Kz (342)
[40696:42940:0908/042102.534:INFO:CONSOLE(342)] "FTS:Manifest Writer: No changes made, current:['3.1', '1'], latest:['3.1', '1']", source: https://static.whatsapp.net/rsrc.php/v3/yw/r/4Nb4oyv3XvH.js?_nc_x=Ij3Wp8lg5Kz (342)
[40696:42940:0908/042102.534:INFO:CONSOLE(342)] "FTS:Delegate: Inited", source: https://static.whatsapp.net/rsrc.php/v3/yw/r/4Nb4oyv3XvH.js?_nc_x=Ij3Wp8lg5Kz (342)
[40696:42940:0908/042102.534:INFO:CONSOLE(342)] "FTS:Delegate: Init indexing ops", source: https://static.whatsapp.net/rsrc.php/v3/yw/r/4Nb4oyv3XvH.js?_nc_x=Ij3Wp8lg5Kz (342)
[40696:42940:0908/042102.534:INFO:CONSOLE(342)] "FTS:Indexer:indexQueuedBatch: Starting new batch size : 1000", source: https://static.whatsapp.net/rsrc.php/v3/yw/r/4Nb4oyv3XvH.js?_nc_x=Ij3Wp8lg5Kz (342)
[40696:42940:0908/042104.036:WARNING:pref_notifier_impl.cc(41)] Pref observer for media_router.cast_allow_all_ips found at shutdown.
